

*******************************************************************************
Sat Jan  8 12:48:30 2022


FIT:    data read from 'distribition.data' using (log($1)):(log($2))
        format = x:z
        x range restricted to [0.100000 : 345.000]
        #datapoints = 198
        residuals are weighted equally (unit weight)

function used for fitting: f(x)
	f(x) = lc - gamma * x
fitted parameters initialized with current variable values

iter      chisq       delta/lim  lambda   lc            gamma        
   0 7.8944459443e+03   0.00e+00  3.23e+00    1.000000e+00   1.000000e+00
   4 5.2539183550e+01  -5.93e-08  3.23e-04    2.846126e+00   2.816016e+00

After 4 iterations the fit converged.
final sum of squares of residuals : 52.5392
rel. change during last iteration : -5.9303e-13

degrees of freedom    (FIT_NDF)                        : 196
rms of residuals      (FIT_STDFIT) = sqrt(WSSR/ndf)    : 0.517742
variance of residuals (reduced chisquare) = WSSR/ndf   : 0.268057

Final set of parameters            Asymptotic Standard Error
=======================            ==========================
lc              = 2.84613          +/- 0.1765       (6.2%)
gamma           = 2.81602          +/- 0.03963      (1.407%)

correlation matrix of the fit parameters:
                lc     gamma  
lc              1.000 
gamma           0.978  1.000 


*******************************************************************************
Sat Jan  8 12:49:01 2022


FIT:    data read from 'distribition.data' using (log($1)):(log($2))
        format = x:z
        x range restricted to [0.100000 : 22.0000]
        #datapoints = 198
        residuals are weighted equally (unit weight)

function used for fitting: f(x)
	f(x) = lc - gamma * x
fitted parameters initialized with current variable values

iter      chisq       delta/lim  lambda   lc            gamma        
   0 5.2539183550e+01   0.00e+00  9.09e+00    2.846126e+00   2.816016e+00
   1 5.2539183550e+01   0.00e+00  9.09e+01    2.846126e+00   2.816016e+00

After 1 iterations the fit converged.
final sum of squares of residuals : 52.5392
rel. change during last iteration : 0

degrees of freedom    (FIT_NDF)                        : 196
rms of residuals      (FIT_STDFIT) = sqrt(WSSR/ndf)    : 0.517742
variance of residuals (reduced chisquare) = WSSR/ndf   : 0.268057

Final set of parameters            Asymptotic Standard Error
=======================            ==========================
lc              = 2.84613          +/- 0.1765       (6.2%)
gamma           = 2.81602          +/- 0.03963      (1.407%)

correlation matrix of the fit parameters:
                lc     gamma  
lc              1.000 
gamma           0.978  1.000 
